Arguments: 
  C:\Program Files\nodejs\node.exe C:\Program Files (x86)\Yarn\bin\yarn.js init

PATH: 
  C:\Program Files\Common Files\Oracle\Java\javapath;C:\Program Files (x86)\Common Files\Oracle\Java\javapath;C:\Program Files\Python39\Scripts\;C:\Program Files\Python39\;C:\Program Files (x86)\Intel\Intel(R) Management Engine Components\iCLS\;C:\Program Files\Intel\Intel(R) Management Engine Components\iCLS\;C:\WINDOWS\system32;C:\WINDOWS;C:\WINDOWS\System32\Wbem;C:\WINDOWS\System32\WindowsPowerShell\v1.0\;C:\WINDOWS\System32\OpenSSH\;C:\Program Files (x86)\NVIDIA Corporation\PhysX\Common;C:\Program Files\Git\cmd;C:\Program Files\dotnet\;C:\Program Files\Microsoft SQL Server\130\Tools\Binn\;C:\Program Files\Microsoft SQL Server\Client SDK\ODBC\170\Tools\Binn\;C:\php;C:\ProgramData\chocolatey\bin;C:\Program Files (x86)\Yarn\bin\;C:\Users\marsh\AppData\Roaming\Python\Python39\Scripts;C:\Users\marsh\AppData\Roaming\Python\Python39\site-packages;C:\Program Files (x86)\dotnet\;C:\Program Files\MySQL\MySQL Server 5.7\bin;C:\cygwin64\bin;C:\nasm;C:\dasm;C:\ProgramData\ComposerSetup\bin;C:\tools\dart-sdk;C:\Program Files\nodejs\;C:\Program Files\Go\bin;C:\Program Files\PostgreSQL\14\bin;C:\Program Files\PostgreSQL\14\lib;C:\flutter\bin;C:\Users\marsh\AppData\Local\Android\Sdk\emulator;C:\Users\marsh\AppData\Local\Android\Sdk\tools;C:\Users\marsh\AppData\Local\Android\Sdk\tools\bin;C:\Users\marsh\AppData\Local\Android\Sdk\platform-tools;C:\Program Files\MySQL\MySQL Shell 8.0\bin\;C:\Users\marsh\scoop\shims;C:\Users\marsh\AppData\Local\Microsoft\WindowsApps;C:\Program Files\JetBrains\PyCharm 2021.1.2\bin;C:\Users\marsh\AppData\Local\Programs\Microsoft VS Code\bin;C:\Program Files\JetBrains\PhpStorm 2021.1.3\bin;C:\Users\marsh\.dotnet\tools;C:\Users\marsh\AppData\Local\Yarn\bin;C:\Go\bin;C:\Users\marsh\.dotnet\tools;C:\Users\marsh\AppData\Roaming\Composer\vendor\bin;C:\tools\dart-sdk\bin;C:\Users\marsh\AppData\Roaming\Pub\Cache\bin;C:\Program Files\JetBrains\JetBrains Rider 2021.2.1\bin;C:\Program Files\JetBrains\Rider for Unreal Engine 2021.2\bin;C:\Users\marsh\AppData\Roaming\npm;C:\Users\marsh\go\bin

Yarn version: 
  1.22.5

Node version: 
  14.17.6

Platform: 
  win32 x64

Trace: 
  Error: canceled
      at Interface.<anonymous> (C:\Program Files (x86)\Yarn\lib\cli.js:137009:13)
      at Interface.emit (events.js:400:28)
      at Interface._ttyWrite (readline.js:910:16)
      at ReadStream.onkeypress (readline.js:235:10)
      at ReadStream.emit (events.js:400:28)
      at emitKeys (internal/readline/utils.js:358:14)
      at emitKeys.next (<anonymous>)
      at ReadStream.onData (readline.js:1179:36)
      at ReadStream.emit (events.js:400:28)
      at addChunk (internal/streams/readable.js:290:12)

npm manifest: 
  No manifest

yarn manifest: 
  No manifest

Lockfile: 
  No lockfile
